<?xml version="1.0" encoding="UTF-8"?>
<!-- Generated by org.testng.reporters.JUnitReportReporter -->
<testsuite hostname="Nonnas-MBP.domain" failures="0" tests="3" name="positiveTC.NewTransactionAdd" time="103.796" errors="0" timestamp="29 Nov 2018 08:20:13 GMT" skipped="0">
  <testcase classname="positiveTC.NewTransactionAdd" name="firstPage" time="2.205"/>
  <testcase classname="positiveTC.NewTransactionAdd" name="createAccount" time="29.456"/>
  <testcase classname="positiveTC.NewTransactionAdd" name="newTransaction" time="72.135"/>
</testsuite> <!-- positiveTC.NewTransactionAdd -->
