<?xml version="1.0" encoding="UTF-8"?>
<!-- Generated by org.testng.reporters.JUnitReportReporter -->
<testsuite hostname="Nonnas-MBP.domain" failures="0" tests="2" name="positiveTC.FirstPreferences" time="33.045" errors="0" timestamp="29 Nov 2018 08:20:13 GMT" skipped="0">
  <testcase classname="positiveTC.FirstPreferences" name="firstPage" time="2.742"/>
  <testcase classname="positiveTC.FirstPreferences" name="createAccount" time="30.303"/>
</testsuite> <!-- positiveTC.FirstPreferences -->
